<?xml version="1.0" encoding="UTF-8"?>
<testsuite xmlns:xsi="http://www.w3.org/2001/XMLSchema-instance" xsi:noNamespaceSchemaLocation="https://maven.apache.org/surefire/maven-surefire-plugin/xsd/surefire-test-report.xsd" name="TestSuite" time="13.038" tests="2" errors="0" skipped="0" failures="0">
  <properties>
    <property name="sun.desktop" value="windows"/>
    <property name="awt.toolkit" value="sun.awt.windows.WToolkit"/>
    <property name="java.specification.version" value="11"/>
    <property name="sun.cpu.isalist" value="amd64"/>
    <property name="sun.jnu.encoding" value="Cp1252"/>
    <property name="java.class.path" value="C:\Users\bob\git\SeleniumWithCucucumber\target\test-classes;C:\Users\bob\git\SeleniumWithCucucumber\target\classes;D:\AtelierSoda4.8.Photon\.m2\repository\io\cucumber\cucumber-java\5.7.0\cucumber-java-5.7.0.jar;D:\AtelierSoda4.8.Photon\.m2\repository\org\apiguardian\apiguardian-api\1.1.0\apiguardian-api-1.1.0.jar;D:\AtelierSoda4.8.Photon\.m2\repository\io\cucumber\cucumber-testng\5.7.0\cucumber-testng-5.7.0.jar;D:\AtelierSoda4.8.Photon\.m2\repository\org\testng\testng\7.1.0\testng-7.1.0.jar;D:\AtelierSoda4.8.Photon\.m2\repository\com\beust\jcommander\1.72\jcommander-1.72.jar;D:\AtelierSoda4.8.Photon\.m2\repository\com\google\inject\guice\4.1.0\guice-4.1.0-no_aop.jar;D:\AtelierSoda4.8.Photon\.m2\repository\javax\inject\javax.inject\1\javax.inject-1.jar;D:\AtelierSoda4.8.Photon\.m2\repository\aopalliance\aopalliance\1.0\aopalliance-1.0.jar;D:\AtelierSoda4.8.Photon\.m2\repository\org\yaml\snakeyaml\1.21\snakeyaml-1.21.jar;D:\AtelierSoda4.8.Photon\.m2\repository\io\cucumber\cucumber-junit\5.7.0\cucumber-junit-5.7.0.jar;D:\AtelierSoda4.8.Photon\.m2\repository\junit\junit\4.13\junit-4.13.jar;D:\AtelierSoda4.8.Photon\.m2\repository\org\hamcrest\hamcrest-core\1.3\hamcrest-core-1.3.jar;D:\AtelierSoda4.8.Photon\.m2\repository\io\cucumber\cucumber-picocontainer\5.7.0\cucumber-picocontainer-5.7.0.jar;D:\AtelierSoda4.8.Photon\.m2\repository\org\picocontainer\picocontainer\2.15\picocontainer-2.15.jar;D:\AtelierSoda4.8.Photon\.m2\repository\io\cucumber\cucumber-core\5.7.0\cucumber-core-5.7.0.jar;D:\AtelierSoda4.8.Photon\.m2\repository\io\cucumber\cucumber-gherkin\5.7.0\cucumber-gherkin-5.7.0.jar;D:\AtelierSoda4.8.Photon\.m2\repository\io\cucumber\cucumber-gherkin-vintage\5.7.0\cucumber-gherkin-vintage-5.7.0.jar;D:\AtelierSoda4.8.Photon\.m2\repository\io\cucumber\tag-expressions\2.0.4\tag-expressions-2.0.4.jar;D:\AtelierSoda4.8.Photon\.m2\repository\io\cucumber\cucumber-expressions\8.3.1\cucumber-expressions-8.3.1.jar;D:\AtelierSoda4.8.Photon\.m2\repository\io\cucumber\datatable\3.3.1\datatable-3.3.1.jar;D:\AtelierSoda4.8.Photon\.m2\repository\io\cucumber\cucumber-plugin\5.7.0\cucumber-plugin-5.7.0.jar;D:\AtelierSoda4.8.Photon\.m2\repository\io\cucumber\docstring\5.7.0\docstring-5.7.0.jar;D:\AtelierSoda4.8.Photon\.m2\repository\org\seleniumhq\selenium\selenium-java\4.0.0-alpha-3\selenium-java-4.0.0-alpha-3.jar;D:\AtelierSoda4.8.Photon\.m2\repository\org\seleniumhq\selenium\selenium-api\4.0.0-alpha-3\selenium-api-4.0.0-alpha-3.jar;D:\AtelierSoda4.8.Photon\.m2\repository\org\seleniumhq\selenium\selenium-edge-driver\4.0.0-alpha-3\selenium-edge-driver-4.0.0-alpha-3.jar;D:\AtelierSoda4.8.Photon\.m2\repository\org\seleniumhq\selenium\selenium-edgehtml-driver\4.0.0-alpha-3\selenium-edgehtml-driver-4.0.0-alpha-3.jar;D:\AtelierSoda4.8.Photon\.m2\repository\org\seleniumhq\selenium\selenium-firefox-driver\4.0.0-alpha-3\selenium-firefox-driver-4.0.0-alpha-3.jar;D:\AtelierSoda4.8.Photon\.m2\repository\org\seleniumhq\selenium\selenium-firefox-xpi-driver\4.0.0-alpha-3\selenium-firefox-xpi-driver-4.0.0-alpha-3.jar;D:\AtelierSoda4.8.Photon\.m2\repository\org\seleniumhq\selenium\selenium-ie-driver\4.0.0-alpha-3\selenium-ie-driver-4.0.0-alpha-3.jar;D:\AtelierSoda4.8.Photon\.m2\repository\org\seleniumhq\selenium\selenium-opera-driver\4.0.0-alpha-3\selenium-opera-driver-4.0.0-alpha-3.jar;D:\AtelierSoda4.8.Photon\.m2\repository\org\seleniumhq\selenium\selenium-remote-driver\4.0.0-alpha-3\selenium-remote-driver-4.0.0-alpha-3.jar;D:\AtelierSoda4.8.Photon\.m2\repository\com\squareup\okhttp3\okhttp\4.0.1\okhttp-4.0.1.jar;D:\AtelierSoda4.8.Photon\.m2\repository\com\squareup\okio\okio\2.2.2\okio-2.2.2.jar;D:\AtelierSoda4.8.Photon\.m2\repository\org\jetbrains\kotlin\kotlin-stdlib\1.3.40\kotlin-stdlib-1.3.40.jar;D:\AtelierSoda4.8.Photon\.m2\repository\org\jetbrains\kotlin\kotlin-stdlib-common\1.3.40\kotlin-stdlib-common-1.3.40.jar;D:\AtelierSoda4.8.Photon\.m2\repository\org\jetbrains\annotations\13.0\annotations-13.0.jar;D:\AtelierSoda4.8.Photon\.m2\repository\io\opentracing\opentracing-api\0.33.0\opentracing-api-0.33.0.jar;D:\AtelierSoda4.8.Photon\.m2\repository\net\bytebuddy\byte-buddy\1.9.12\byte-buddy-1.9.12.jar;D:\AtelierSoda4.8.Photon\.m2\repository\org\apache\commons\commons-exec\1.3\commons-exec-1.3.jar;D:\AtelierSoda4.8.Photon\.m2\repository\org\seleniumhq\selenium\selenium-safari-driver\4.0.0-alpha-3\selenium-safari-driver-4.0.0-alpha-3.jar;D:\AtelierSoda4.8.Photon\.m2\repository\org\seleniumhq\selenium\selenium-support\4.0.0-alpha-3\selenium-support-4.0.0-alpha-3.jar;D:\AtelierSoda4.8.Photon\.m2\repository\org\seleniumhq\selenium\selenium-chrome-driver\4.0.0-alpha-3\selenium-chrome-driver-4.0.0-alpha-3.jar;D:\AtelierSoda4.8.Photon\.m2\repository\com\google\guava\guava\27.1-jre\guava-27.1-jre.jar;D:\AtelierSoda4.8.Photon\.m2\repository\com\google\guava\failureaccess\1.0.1\failureaccess-1.0.1.jar;D:\AtelierSoda4.8.Photon\.m2\repository\com\google\guava\listenablefuture\9999.0-empty-to-avoid-conflict-with-guava\listenablefuture-9999.0-empty-to-avoid-conflict-with-guava.jar;D:\AtelierSoda4.8.Photon\.m2\repository\com\google\code\findbugs\jsr305\3.0.2\jsr305-3.0.2.jar;D:\AtelierSoda4.8.Photon\.m2\repository\org\checkerframework\checker-qual\2.5.2\checker-qual-2.5.2.jar;D:\AtelierSoda4.8.Photon\.m2\repository\com\google\errorprone\error_prone_annotations\2.2.0\error_prone_annotations-2.2.0.jar;D:\AtelierSoda4.8.Photon\.m2\repository\com\google\j2objc\j2objc-annotations\1.1\j2objc-annotations-1.1.jar;D:\AtelierSoda4.8.Photon\.m2\repository\org\codehaus\mojo\animal-sniffer-annotations\1.17\animal-sniffer-annotations-1.17.jar;D:\AtelierSoda4.8.Photon\.m2\repository\org\seleniumhq\selenium\selenium-chromium-driver\4.0.0-alpha-3\selenium-chromium-driver-4.0.0-alpha-3.jar;D:\AtelierSoda4.8.Photon\.m2\repository\org\seleniumhq\selenium\selenium-devtools\4.0.0-alpha-3\selenium-devtools-4.0.0-alpha-3.jar;D:\AtelierSoda4.8.Photon\.m2\repository\org\seleniumhq\selenium\selenium-http\4.0.0-alpha-3\selenium-http-4.0.0-alpha-3.jar;D:\AtelierSoda4.8.Photon\.m2\repository\org\seleniumhq\selenium\selenium-json\4.0.0-alpha-3\selenium-json-4.0.0-alpha-3.jar;D:\AtelierSoda4.8.Photon\.m2\repository\com\aventstack\extentreports\4.1.5\extentreports-4.1.5.jar;D:\AtelierSoda4.8.Photon\.m2\repository\org\freemarker\freemarker\2.3.29\freemarker-2.3.29.jar;D:\AtelierSoda4.8.Photon\.m2\repository\org\apache\httpcomponents\httpclient\4.5.2\httpclient-4.5.2.jar;D:\AtelierSoda4.8.Photon\.m2\repository\org\apache\httpcomponents\httpcore\4.4.4\httpcore-4.4.4.jar;D:\AtelierSoda4.8.Photon\.m2\repository\commons-logging\commons-logging\1.2\commons-logging-1.2.jar;D:\AtelierSoda4.8.Photon\.m2\repository\commons-codec\commons-codec\1.9\commons-codec-1.9.jar;D:\AtelierSoda4.8.Photon\.m2\repository\org\apache\httpcomponents\httpmime\4.5.2\httpmime-4.5.2.jar;D:\AtelierSoda4.8.Photon\.m2\repository\com\google\code\gson\gson\2.8.6\gson-2.8.6.jar;D:\AtelierSoda4.8.Photon\.m2\repository\org\mongodb\mongodb-driver\3.12.0\mongodb-driver-3.12.0.jar;D:\AtelierSoda4.8.Photon\.m2\repository\org\mongodb\mongodb-driver-core\3.12.0\mongodb-driver-core-3.12.0.jar;D:\AtelierSoda4.8.Photon\.m2\repository\org\mongodb\bson\3.12.0\bson-3.12.0.jar;D:\AtelierSoda4.8.Photon\.m2\repository\org\apache\maven\surefire\surefire-testng-utils\2.21.0\surefire-testng-utils-2.21.0.jar;D:\AtelierSoda4.8.Photon\.m2\repository\org\apache\maven\surefire\surefire-grouper\2.21.0\surefire-grouper-2.21.0.jar;"/>
    <property name="java.vm.vendor" value="Oracle Corporation"/>
    <property name="sun.arch.data.model" value="64"/>
    <property name="user.variant" value=""/>
    <property name="java.vendor.url" value="https://openjdk.java.net/"/>
    <property name="user.timezone" value=""/>
    <property name="java.vm.specification.version" value="11"/>
    <property name="os.name" value="Windows 10"/>
    <property name="sun.java.launcher" value="SUN_STANDARD"/>
    <property name="user.country" value="US"/>
    <property name="sun.boot.library.path" value="D:\devJava\jdk-11.0.9\bin"/>
    <property name="sun.java.command" value="C:\Users\bob\AppData\Local\Temp\surefire6824790438450981306\surefirebooter15627725149003755369.jar C:\Users\bob\AppData\Local\Temp\surefire6824790438450981306 2020-12-27T15-28-31_421-jvmRun1 surefire2454710803068784855tmp surefire_010659054322197569367tmp"/>
    <property name="jdk.debug" value="release"/>
    <property name="surefire.test.class.path" value="C:\Users\bob\git\SeleniumWithCucucumber\target\test-classes;C:\Users\bob\git\SeleniumWithCucucumber\target\classes;D:\AtelierSoda4.8.Photon\.m2\repository\io\cucumber\cucumber-java\5.7.0\cucumber-java-5.7.0.jar;D:\AtelierSoda4.8.Photon\.m2\repository\org\apiguardian\apiguardian-api\1.1.0\apiguardian-api-1.1.0.jar;D:\AtelierSoda4.8.Photon\.m2\repository\io\cucumber\cucumber-testng\5.7.0\cucumber-testng-5.7.0.jar;D:\AtelierSoda4.8.Photon\.m2\repository\org\testng\testng\7.1.0\testng-7.1.0.jar;D:\AtelierSoda4.8.Photon\.m2\repository\com\beust\jcommander\1.72\jcommander-1.72.jar;D:\AtelierSoda4.8.Photon\.m2\repository\com\google\inject\guice\4.1.0\guice-4.1.0-no_aop.jar;D:\AtelierSoda4.8.Photon\.m2\repository\javax\inject\javax.inject\1\javax.inject-1.jar;D:\AtelierSoda4.8.Photon\.m2\repository\aopalliance\aopalliance\1.0\aopalliance-1.0.jar;D:\AtelierSoda4.8.Photon\.m2\repository\org\yaml\snakeyaml\1.21\snakeyaml-1.21.jar;D:\AtelierSoda4.8.Photon\.m2\repository\io\cucumber\cucumber-junit\5.7.0\cucumber-junit-5.7.0.jar;D:\AtelierSoda4.8.Photon\.m2\repository\junit\junit\4.13\junit-4.13.jar;D:\AtelierSoda4.8.Photon\.m2\repository\org\hamcrest\hamcrest-core\1.3\hamcrest-core-1.3.jar;D:\AtelierSoda4.8.Photon\.m2\repository\io\cucumber\cucumber-picocontainer\5.7.0\cucumber-picocontainer-5.7.0.jar;D:\AtelierSoda4.8.Photon\.m2\repository\org\picocontainer\picocontainer\2.15\picocontainer-2.15.jar;D:\AtelierSoda4.8.Photon\.m2\repository\io\cucumber\cucumber-core\5.7.0\cucumber-core-5.7.0.jar;D:\AtelierSoda4.8.Photon\.m2\repository\io\cucumber\cucumber-gherkin\5.7.0\cucumber-gherkin-5.7.0.jar;D:\AtelierSoda4.8.Photon\.m2\repository\io\cucumber\cucumber-gherkin-vintage\5.7.0\cucumber-gherkin-vintage-5.7.0.jar;D:\AtelierSoda4.8.Photon\.m2\repository\io\cucumber\tag-expressions\2.0.4\tag-expressions-2.0.4.jar;D:\AtelierSoda4.8.Photon\.m2\repository\io\cucumber\cucumber-expressions\8.3.1\cucumber-expressions-8.3.1.jar;D:\AtelierSoda4.8.Photon\.m2\repository\io\cucumber\datatable\3.3.1\datatable-3.3.1.jar;D:\AtelierSoda4.8.Photon\.m2\repository\io\cucumber\cucumber-plugin\5.7.0\cucumber-plugin-5.7.0.jar;D:\AtelierSoda4.8.Photon\.m2\repository\io\cucumber\docstring\5.7.0\docstring-5.7.0.jar;D:\AtelierSoda4.8.Photon\.m2\repository\org\seleniumhq\selenium\selenium-java\4.0.0-alpha-3\selenium-java-4.0.0-alpha-3.jar;D:\AtelierSoda4.8.Photon\.m2\repository\org\seleniumhq\selenium\selenium-api\4.0.0-alpha-3\selenium-api-4.0.0-alpha-3.jar;D:\AtelierSoda4.8.Photon\.m2\repository\org\seleniumhq\selenium\selenium-edge-driver\4.0.0-alpha-3\selenium-edge-driver-4.0.0-alpha-3.jar;D:\AtelierSoda4.8.Photon\.m2\repository\org\seleniumhq\selenium\selenium-edgehtml-driver\4.0.0-alpha-3\selenium-edgehtml-driver-4.0.0-alpha-3.jar;D:\AtelierSoda4.8.Photon\.m2\repository\org\seleniumhq\selenium\selenium-firefox-driver\4.0.0-alpha-3\selenium-firefox-driver-4.0.0-alpha-3.jar;D:\AtelierSoda4.8.Photon\.m2\repository\org\seleniumhq\selenium\selenium-firefox-xpi-driver\4.0.0-alpha-3\selenium-firefox-xpi-driver-4.0.0-alpha-3.jar;D:\AtelierSoda4.8.Photon\.m2\repository\org\seleniumhq\selenium\selenium-ie-driver\4.0.0-alpha-3\selenium-ie-driver-4.0.0-alpha-3.jar;D:\AtelierSoda4.8.Photon\.m2\repository\org\seleniumhq\selenium\selenium-opera-driver\4.0.0-alpha-3\selenium-opera-driver-4.0.0-alpha-3.jar;D:\AtelierSoda4.8.Photon\.m2\repository\org\seleniumhq\selenium\selenium-remote-driver\4.0.0-alpha-3\selenium-remote-driver-4.0.0-alpha-3.jar;D:\AtelierSoda4.8.Photon\.m2\repository\com\squareup\okhttp3\okhttp\4.0.1\okhttp-4.0.1.jar;D:\AtelierSoda4.8.Photon\.m2\repository\com\squareup\okio\okio\2.2.2\okio-2.2.2.jar;D:\AtelierSoda4.8.Photon\.m2\repository\org\jetbrains\kotlin\kotlin-stdlib\1.3.40\kotlin-stdlib-1.3.40.jar;D:\AtelierSoda4.8.Photon\.m2\repository\org\jetbrains\kotlin\kotlin-stdlib-common\1.3.40\kotlin-stdlib-common-1.3.40.jar;D:\AtelierSoda4.8.Photon\.m2\repository\org\jetbrains\annotations\13.0\annotations-13.0.jar;D:\AtelierSoda4.8.Photon\.m2\repository\io\opentracing\opentracing-api\0.33.0\opentracing-api-0.33.0.jar;D:\AtelierSoda4.8.Photon\.m2\repository\net\bytebuddy\byte-buddy\1.9.12\byte-buddy-1.9.12.jar;D:\AtelierSoda4.8.Photon\.m2\repository\org\apache\commons\commons-exec\1.3\commons-exec-1.3.jar;D:\AtelierSoda4.8.Photon\.m2\repository\org\seleniumhq\selenium\selenium-safari-driver\4.0.0-alpha-3\selenium-safari-driver-4.0.0-alpha-3.jar;D:\AtelierSoda4.8.Photon\.m2\repository\org\seleniumhq\selenium\selenium-support\4.0.0-alpha-3\selenium-support-4.0.0-alpha-3.jar;D:\AtelierSoda4.8.Photon\.m2\repository\org\seleniumhq\selenium\selenium-chrome-driver\4.0.0-alpha-3\selenium-chrome-driver-4.0.0-alpha-3.jar;D:\AtelierSoda4.8.Photon\.m2\repository\com\google\guava\guava\27.1-jre\guava-27.1-jre.jar;D:\AtelierSoda4.8.Photon\.m2\repository\com\google\guava\failureaccess\1.0.1\failureaccess-1.0.1.jar;D:\AtelierSoda4.8.Photon\.m2\repository\com\google\guava\listenablefuture\9999.0-empty-to-avoid-conflict-with-guava\listenablefuture-9999.0-empty-to-avoid-conflict-with-guava.jar;D:\AtelierSoda4.8.Photon\.m2\repository\com\google\code\findbugs\jsr305\3.0.2\jsr305-3.0.2.jar;D:\AtelierSoda4.8.Photon\.m2\repository\org\checkerframework\checker-qual\2.5.2\checker-qual-2.5.2.jar;D:\AtelierSoda4.8.Photon\.m2\repository\com\google\errorprone\error_prone_annotations\2.2.0\error_prone_annotations-2.2.0.jar;D:\AtelierSoda4.8.Photon\.m2\repository\com\google\j2objc\j2objc-annotations\1.1\j2objc-annotations-1.1.jar;D:\AtelierSoda4.8.Photon\.m2\repository\org\codehaus\mojo\animal-sniffer-annotations\1.17\animal-sniffer-annotations-1.17.jar;D:\AtelierSoda4.8.Photon\.m2\repository\org\seleniumhq\selenium\selenium-chromium-driver\4.0.0-alpha-3\selenium-chromium-driver-4.0.0-alpha-3.jar;D:\AtelierSoda4.8.Photon\.m2\repository\org\seleniumhq\selenium\selenium-devtools\4.0.0-alpha-3\selenium-devtools-4.0.0-alpha-3.jar;D:\AtelierSoda4.8.Photon\.m2\repository\org\seleniumhq\selenium\selenium-http\4.0.0-alpha-3\selenium-http-4.0.0-alpha-3.jar;D:\AtelierSoda4.8.Photon\.m2\repository\org\seleniumhq\selenium\selenium-json\4.0.0-alpha-3\selenium-json-4.0.0-alpha-3.jar;D:\AtelierSoda4.8.Photon\.m2\repository\com\aventstack\extentreports\4.1.5\extentreports-4.1.5.jar;D:\AtelierSoda4.8.Photon\.m2\repository\org\freemarker\freemarker\2.3.29\freemarker-2.3.29.jar;D:\AtelierSoda4.8.Photon\.m2\repository\org\apache\httpcomponents\httpclient\4.5.2\httpclient-4.5.2.jar;D:\AtelierSoda4.8.Photon\.m2\repository\org\apache\httpcomponents\httpcore\4.4.4\httpcore-4.4.4.jar;D:\AtelierSoda4.8.Photon\.m2\repository\commons-logging\commons-logging\1.2\commons-logging-1.2.jar;D:\AtelierSoda4.8.Photon\.m2\repository\commons-codec\commons-codec\1.9\commons-codec-1.9.jar;D:\AtelierSoda4.8.Photon\.m2\repository\org\apache\httpcomponents\httpmime\4.5.2\httpmime-4.5.2.jar;D:\AtelierSoda4.8.Photon\.m2\repository\com\google\code\gson\gson\2.8.6\gson-2.8.6.jar;D:\AtelierSoda4.8.Photon\.m2\repository\org\mongodb\mongodb-driver\3.12.0\mongodb-driver-3.12.0.jar;D:\AtelierSoda4.8.Photon\.m2\repository\org\mongodb\mongodb-driver-core\3.12.0\mongodb-driver-core-3.12.0.jar;D:\AtelierSoda4.8.Photon\.m2\repository\org\mongodb\bson\3.12.0\bson-3.12.0.jar;D:\AtelierSoda4.8.Photon\.m2\repository\org\apache\maven\surefire\surefire-testng-utils\2.21.0\surefire-testng-utils-2.21.0.jar;D:\AtelierSoda4.8.Photon\.m2\repository\org\apache\maven\surefire\surefire-grouper\2.21.0\surefire-grouper-2.21.0.jar;"/>
    <property name="sun.cpu.endian" value="little"/>
    <property name="user.home" value="C:\Users\bob"/>
    <property name="user.language" value="en"/>
    <property name="java.specification.vendor" value="Oracle Corporation"/>
    <property name="java.version.date" value="2020-10-20"/>
    <property name="java.home" value="D:\devJava\jdk-11.0.9"/>
    <property name="file.separator" value="\"/>
    <property name="basedir" value="C:\Users\bob\git\SeleniumWithCucucumber"/>
    <property name="java.vm.compressedOopsMode" value="Zero based"/>
    <property name="line.separator" value="&#10;"/>
    <property name="java.specification.name" value="Java Platform API Specification"/>
    <property name="java.vm.specification.vendor" value="Oracle Corporation"/>
    <property name="java.awt.graphicsenv" value="sun.awt.Win32GraphicsEnvironment"/>
    <property name="surefire.real.class.path" value="C:\Users\bob\AppData\Local\Temp\surefire6824790438450981306\surefirebooter15627725149003755369.jar"/>
    <property name="user.script" value=""/>
    <property name="sun.management.compiler" value="HotSpot 64-Bit Tiered Compilers"/>
    <property name="java.runtime.version" value="11.0.9+7-LTS"/>
    <property name="user.name" value="bob"/>
    <property name="path.separator" value=";"/>
    <property name="os.version" value="10.0"/>
    <property name="java.runtime.name" value="Java(TM) SE Runtime Environment"/>
    <property name="file.encoding" value="Cp1252"/>
    <property name="java.vm.name" value="Java HotSpot(TM) 64-Bit Server VM"/>
    <property name="java.vendor.version" value="18.9"/>
    <property name="localRepository" value="D:\AtelierSoda4.8.Photon\.m2\repository"/>
    <property name="java.vendor.url.bug" value="https://bugreport.java.com/bugreport/"/>
    <property name="java.io.tmpdir" value="C:\Users\bob\AppData\Local\Temp\"/>
    <property name="java.version" value="11.0.9"/>
    <property name="user.dir" value="C:\Users\bob\git\SeleniumWithCucucumber"/>
    <property name="os.arch" value="amd64"/>
    <property name="java.vm.specification.name" value="Java Virtual Machine Specification"/>
    <property name="java.awt.printerjob" value="sun.awt.windows.WPrinterJob"/>
    <property name="sun.os.patch.level" value=""/>
    <property name="java.library.path" value="D:\devJava\jdk-11.0.9\bin;C:\WINDOWS\Sun\Java\bin;C:\WINDOWS\system32;C:\WINDOWS;D:/devJava/jre1.8.0_201/bin/server;D:/devJava/jre1.8.0_201/bin;D:/devJava/jre1.8.0_201/lib/amd64;C:\Program Files\Common Files\Oracle\Java\javapath;D:\devPython\python-3.7.3-amd64\Scripts\;D:\devPython\python-3.7.3-amd64\;C:\WINDOWS\system32;C:\WINDOWS;C:\WINDOWS\System32\Wbem;C:\WINDOWS\System32\WindowsPowerShell\v1.0\;C:\WINDOWS\System32\OpenSSH\;D:\devJava\apache-maven-3.6.0\\bin;D:\devJava\jdk1.8.0_201\bin;D:\devKubernetes;C:\ProgramData\chocolatey\bin;C:\Program Files (x86)\Calibre2\;C:\Program Files\PuTTY\;C:\Program Files\nodejs\;C:\Program Files\TortoiseSVN\bin;C:\Program Files\VSCodium\bin;C:\Program Files\Docker\Docker\resources\bin;C:\ProgramData\DockerDesktop\version-bin;C:\Program Files\WSO2\API Manager\3.2.0\bin\..\bin;C:\Program Files\Git\cmd;D:\dev\devRuby\Ruby27-x64\bin;C:\Users\bob\AppData\Local\Microsoft\WindowsApps;C:\Users\bob\AppData\Local\Programs\Microsoft VS Code\bin;C:\Users\bob\AppData\Roaming\npm;C:\Program Files\heroku\bin;C:\Users\bob\AppData\Local\GitHubDesktop\bin;D:\devJava\apache-maven-3.6.0\bin;;D:\devJava\eclipse-jee-2020-06-R-win32-x86_64;;."/>
    <property name="java.vendor" value="Oracle Corporation"/>
    <property name="java.vm.info" value="mixed mode"/>
    <property name="java.vm.version" value="11.0.9+7-LTS"/>
    <property name="sun.io.unicode.encoding" value="UnicodeLittle"/>
    <property name="java.class.version" value="55.0"/>
  </properties>
  <testcase name="runScenario" classname="runner.TestRunner" time="6.194"/>
  <testcase name="runScenario" classname="runner.TestRunner" time="5.464"/>
</testsuite>