<?xml version="1.0" encoding="UTF-8"?>
<!-- Generated by org.testng.reporters.JUnitReportReporter -->
<testsuite hostname="DESKTOP-JM630JH" failures="0" tests="2" name="runner.TestRunner" time="11.654" errors="0" timestamp="2020-12-27T15:28:44 CET" skipped="0">
  <testcase classname="runner.TestRunner" name="runScenario" time="5.465"/>
  <system-out/>
  <testcase classname="runner.TestRunner" name="runScenario" time="6.189"/>
  <system-out/>
</testsuite> <!-- runner.TestRunner -->
